<?xml version="1.0" encoding="utf-8"?><testsuites name="pytest tests"><testsuite name="pytest" errors="0" failures="0" skipped="0" tests="20" time="38.419" timestamp="2026-04-06T09:24:48.051152+00:00" hostname="agent-env-8bab8dfd-7a16-43f3-9982-e12754fb64ff"><testcase classname="backend.tests.test_api.TestHealthAndPublicEndpoints" name="test_api_health" time="1.221" /><testcase classname="backend.tests.test_api.TestHealthAndPublicEndpoints" name="test_get_jewellery_list" time="0.727" /><testcase classname="backend.tests.test_api.TestHealthAndPublicEndpoints" name="test_get_jewellery_by_category" time="0.732" /><testcase classname="backend.tests.test_api.TestHealthAndPublicEndpoints" name="test_get_categories" time="0.738" /><testcase classname="backend.tests.test_api.TestHealthAndPublicEndpoints" name="test_get_approved_reviews" time="0.740" /><testcase classname="backend.tests.test_api.TestAdminAuth" name="test_admin_login_success" time="1.158" /><testcase classname="backend.tests.test_api.TestAdminAuth" name="test_admin_login_invalid_password" time="0.968" /><testcase classname="backend.tests.test_api.TestAdminAuth" name="test_admin_login_invalid_email" time="0.730" /><testcase classname="backend.tests.test_api.TestAdminAuth" name="test_admin_verify_valid_token" time="1.703" /><testcase classname="backend.tests.test_api.TestAdminAuth" name="test_admin_verify_invalid_token" time="0.750" /><testcase classname="backend.tests.test_api.TestJewelleryCRUD" name="test_create_jewellery" time="3.285" /><testcase classname="backend.tests.test_api.TestJewelleryCRUD" name="test_create_jewellery_without_auth" time="0.741" /><testcase classname="backend.tests.test_api.TestJewelleryCRUD" name="test_update_jewellery" time="3.998" /><testcase classname="backend.tests.test_api.TestJewelleryCRUD" name="test_delete_jewellery" time="3.125" /><testcase classname="backend.tests.test_api.TestJewelleryCRUD" name="test_delete_nonexistent_jewellery" time="1.673" /><testcase classname="backend.tests.test_api.TestReviewManagement" name="test_submit_review" time="2.426" /><testcase classname="backend.tests.test_api.TestReviewManagement" name="test_get_admin_reviews" time="1.668" /><testcase classname="backend.tests.test_api.TestReviewManagement" name="test_approve_review" time="4.118" /><testcase classname="backend.tests.test_api.TestReviewManagement" name="test_reject_review" time="4.672" /><testcase classname="backend.tests.test_api.TestReviewManagement" name="test_delete_review" time="3.138" /></testsuite></testsuites>